\BOOKMARK [1][-]{section.1}{\376\377\000I\000N\000T\000R\000O\000D\000U\000C\000T\000I\000O\000N}{}% 1
\BOOKMARK [1][-]{section.2}{\376\377\000M\000O\000T\000I\000V\000A\000T\000I\000O\000N}{}% 2
\BOOKMARK [2][-]{subsection.2.1}{\376\377\000T\000h\000e\000\040\000c\000a\000s\000e\000\040\000f\000o\000r\000\040\000p\000a\000c\000k\000i\000n\000g\000\040\000t\000r\000e\000e\000s}{section.2}% 3
\BOOKMARK [2][-]{subsection.2.2}{\376\377\000M\000i\000c\000r\000o\000\040\000B\000e\000n\000c\000h\000m\000a\000r\000k\000s}{section.2}% 4
\BOOKMARK [2][-]{subsection.2.3}{\376\377\000B\000l\000i\000n\000k\000\040\000A\000p\000p\000r\000o\000a\000c\000h}{section.2}% 5
\BOOKMARK [1][-]{section.3}{\376\377\000D\000E\000S\000I\000G\000N}{}% 6
\BOOKMARK [2][-]{subsection.3.1}{\376\377\000P\000a\000c\000k\000i\000n\000g\000\040\000S\000p\000a\000n\000n\000i\000n\000g\000\040\000T\000r\000e\000e\000s}{section.3}% 7
\BOOKMARK [2][-]{subsection.3.2}{\376\377\000A\000p\000p\000r\000o\000x\000i\000m\000a\000t\000e\000\040\000P\000a\000c\000k\000i\000n\000g}{section.3}% 8
\BOOKMARK [3][-]{subsubsection.3.2.1}{\376\377\000M\000i\000n\000i\000m\000i\000z\000i\000n\000g\000\040\000N\000u\000m\000b\000e\000r\000\040\000o\000f\000\040\000T\000r\000e\000e\000s}{subsection.3.2}% 9
\BOOKMARK [2][-]{subsection.3.3}{\376\377\000H\000a\000n\000d\000l\000i\000n\000g\000\040\000m\000a\000n\000y\000-\000t\000o\000-\000m\000a\000n\000y\000\040\000o\000p\000e\000r\000a\000t\000i\000o\000n\000s}{section.3}% 10
\BOOKMARK [2][-]{subsection.3.4}{\376\377\000D\000G\000X\000-\0002\000\040\000a\000n\000d\000\040\000M\000u\000l\000t\000i\000-\000s\000e\000r\000v\000e\000r\000\040\000s\000e\000t\000t\000i\000n\000g\000s}{section.3}% 11
\BOOKMARK [1][-]{section.4}{\376\377\000I\000M\000P\000L\000E\000M\000E\000N\000T\000A\000T\000I\000O\000N}{}% 12
\BOOKMARK [2][-]{subsection.4.1}{\376\377\000C\000o\000d\000e\000G\000e\000n\000\040\000I\000m\000p\000l\000e\000m\000e\000n\000t\000a\000t\000i\000o\000n}{section.4}% 13
\BOOKMARK [2][-]{subsection.4.2}{\376\377\000C\000o\000d\000e\000G\000e\000n\000\040\000O\000p\000t\000i\000m\000i\000z\000a\000t\000i\000o\000n\000s}{section.4}% 14
\BOOKMARK [3][-]{subsubsection.4.2.1}{\376\377\000A\000u\000t\000o\000m\000a\000t\000i\000c\000\040\000c\000h\000u\000n\000k\000\040\000s\000i\000z\000e\000\040\000s\000e\000l\000e\000c\000t\000i\000o\000n}{subsection.4.2}% 15
\BOOKMARK [3][-]{subsubsection.4.2.2}{\376\377\000L\000i\000n\000k\000\040\000S\000h\000a\000r\000i\000n\000g}{subsection.4.2}% 16
\BOOKMARK [1][-]{section.5}{\376\377\000E\000V\000A\000L\000U\000A\000T\000I\000O\000N}{}% 17
\BOOKMARK [2][-]{subsection.5.1}{\376\377\000T\000r\000e\000e\000\040\000P\000a\000c\000k\000i\000n\000g\000\040\000B\000e\000n\000e\000f\000i\000t\000s}{section.5}% 18
\BOOKMARK [2][-]{subsection.5.2}{\376\377\000B\000r\000o\000a\000d\000c\000a\000s\000t\000,\000\040\000A\000l\000l\000R\000e\000d\000u\000c\000e\000\040\000M\000i\000c\000r\000o\000-\000b\000e\000n\000c\000h\000m\000a\000r\000k\000s}{section.5}% 19
\BOOKMARK [2][-]{subsection.5.3}{\376\377\000E\000n\000d\000-\000t\000o\000-\000e\000n\000d\000\040\000T\000r\000a\000i\000n\000i\000n\000g}{section.5}% 20
\BOOKMARK [1][-]{section.6}{\376\377\000R\000E\000L\000A\000T\000E\000D\000\040\000W\000O\000R\000K}{}% 21
\BOOKMARK [1][-]{section.7}{\376\377\000C\000O\000N\000C\000L\000U\000S\000I\000O\000N}{}% 22
